<?xml version="1.0" encoding="UTF-8"?>
<!-- Generated by org.testng.reporters.JUnitReportReporter -->
<testsuite skipped="0" hostname="DESKTOP-O7LM0VM" name="Test.TestAPICaseStudy" tests="8" failures="0" timestamp="2021-05-06T22:15:23 IST" time="18.992" errors="0">
  <testcase name="login" time="4.000" classname="Test.TestAPICaseStudy"/>
  <system-out/>
  <testcase name="GetUser" time="3.490" classname="Test.TestAPICaseStudy"/>
  <system-out/>
  <testcase name="GetCategories" time="5.865" classname="Test.TestAPICaseStudy"/>
  <system-out/>
  <testcase name="AddProductCategories" time="0.871" classname="Test.TestAPICaseStudy"/>
  <system-out/>
  <testcase name="GetProductCategoriesByID" time="1.927" classname="Test.TestAPICaseStudy"/>
  <system-out/>
  <testcase name="DeleteProductCategoriesByID" time="1.004" classname="Test.TestAPICaseStudy"/>
  <system-out/>
  <testcase name="VerifyDeleteProductCategoriesByID" time="1.019" classname="Test.TestAPICaseStudy"/>
  <system-out/>
  <testcase name="Getlogout" time="0.816" classname="Test.TestAPICaseStudy"/>
  <system-out/>
</testsuite> <!-- Test.TestAPICaseStudy -->
